
ROM used: 957 (23%)
          957 (23%) including unused fragments

          2 Average locations per line
          6 Average locations per statement

RAM used: 12 (6%) at main() level
          24 (13%) worst case

Stack used: 5 worst case (out of 8 total available)

Lines Stmts  %   Files
----- ----- ---  -----
  139    98  61  RELOGIO DIGITAL.c
  313     0   0  ..\..\IFTM\Sistemas microprocessados\PICC\Devices\16F874A.h
  180    63  39  ..\..\IFTM\Sistemas microprocessados\PICC\Drivers\lcd.c
----- -----
  632   161 Total

Page ROM  %  RAM   Vol Diff  Functions:
---- --- --- ---   --- ----  ----------
0     20   2   1             @delay_ms1
0      8   1   0             @const55
 Inline        3   463  4.3  lcd_read_byte
0     12   1   1   134  2.2  lcd_send_nibble
0     58   6   3   317  4.3  lcd_send_byte
0     43   4   2   422  4.7  lcd_init
 Inline        4   186  5.5  lcd_gotoxy
0     53   6   1   272  4.1  lcd_putc
0    106  11   2   980  3.9  ler
0    110  11   1   452  5.5  define_hora
0     23   2   0    50  2.0  @const90
0     21   2   3   410  4.5  @DIV88
0     53   6   2             @PRINTF_U_75
0     37   4   2             @MUL88
0     31   3   0             @const102
0    110  11   1   452  5.5  define_min
0     22   2   0             @const106
0    110  11   1   452  5.5  define_seg
0     22   2   0   352  4.0  @const113
0     86   9   1   389  4.1  MAIN
0     28   3   0   389  4.1  @const120

Program metrics:
    Functions               15
    Statements              161
    Comments                155
    Volume (V)              9655
    Difficilty (D)          64.3
    Effort to implement (E) 620321
    Time to implement (T)   9 hours, 34 minutes
    Est Delivered Bugs (B)  2
    Cyclomatic Complexity   34
    Maintainability (MI)    50

 Segment     Used  Free
-----------  ----  ----
00000-00003     4  0  
00004-007FF   953  1091  
00800-00FFF     0  2048  



